<?xml version="1.0" encoding="UTF-8"?>
<!-- Generated by org.testng.reporters.JUnitReportReporter -->
<testsuite hostname="DESKTOP-CVEC464" failures="0" tests="1" name="testcases.AddtocartTest" time="65.383" errors="0" timestamp="2025-02-25T11:01:17 GMT+05:45" skipped="0">
  <testcase classname="testcases.AddtocartTest" name="f" time="65.383"/>
  <system-out/>
</testsuite> <!-- testcases.AddtocartTest -->
