<?xml version="1.0" encoding="UTF-8"?>
<!-- Generated by org.testng.reporters.JUnitReportReporter -->
<testsuite hostname="DESKTOP-CVEC464" failures="0" tests="1" name="testcases.LoginTest" time="34.801" errors="0" timestamp="2025-02-22T21:09:29 GMT+05:45" skipped="0">
  <testcase classname="testcases.LoginTest" name="f" time="34.801"/>
  <system-out/>
</testsuite> <!-- testcases.LoginTest -->
